14:41:45.290 request:
1 > POST https://petstore.swagger.io/v2/pet
1 > Accept-Encoding: gzip,deflate
1 > Connection: Keep-Alive
1 > Content-Length: 138
1 > Content-Type: application/json; charset=UTF-8
1 > Host: petstore.swagger.io
1 > User-Agent: Apache-HttpClient/4.5.12 (Java/1.8.0_202)
{"id":1,"category":{"id":100,"name":"Danna"},"name":"dog","photoUrls":["dog.jpg"],"tags":[{"id":101,"name":"puppy"}],"status":"available"}

14:41:45.934 response time in milliseconds: 641,55
1 < 200
1 < Access-Control-Allow-Headers: Content-Type, api_key, Authorization
1 < Access-Control-Allow-Methods: GET, POST, DELETE, PUT
1 < Access-Control-Allow-Origin: *
1 < Connection: keep-alive
1 < Content-Type: application/json
1 < Date: Mon, 22 Aug 2022 19:41:45 GMT
1 < Server: Jetty(9.2.9.v20150224)
1 < Transfer-Encoding: chunked
{"id":1,"category":{"id":100,"name":"Danna"},"name":"dog","photoUrls":["dog.jpg"],"tags":[{"id":101,"name":"puppy"}],"status":"available"}

14:41:45.955 request:
1 > POST https://petstore.swagger.io/v2/pet
1 > Accept-Encoding: gzip,deflate
1 > Connection: Keep-Alive
1 > Content-Length: 8
1 > Content-Type: text/plain; charset=UTF-8
1 > Host: petstore.swagger.io
1 > User-Agent: Apache-HttpClient/4.5.12 (Java/1.8.0_202)
adsdende

14:41:46.279 response time in milliseconds: 323,15
1 < 415
1 < Access-Control-Allow-Headers: Content-Type, api_key, Authorization
1 < Access-Control-Allow-Methods: GET, POST, DELETE, PUT
1 < Access-Control-Allow-Origin: *
1 < Connection: keep-alive
1 < Content-Length: 102
1 < Content-Type: application/xml
1 < Date: Mon, 22 Aug 2022 19:41:45 GMT
1 < Server: Jetty(9.2.9.v20150224)
<?xml version="1.0" encoding="UTF-8" standalone="yes"?><apiResponse><type>unknown</type></apiResponse>

14:41:46.444 request:
1 > POST https://petstore.swagger.io/v2/pet
1 > Accept-Encoding: gzip,deflate
1 > Connection: Keep-Alive
1 > Content-Length: 21
1 > Content-Type: text/plain; charset=UTF-8
1 > Host: petstore.swagger.io
1 > User-Agent: Apache-HttpClient/4.5.12 (Java/1.8.0_202)
1.2345678901234568E29

14:41:46.770 response time in milliseconds: 326,70
1 < 415
1 < Access-Control-Allow-Headers: Content-Type, api_key, Authorization
1 < Access-Control-Allow-Methods: GET, POST, DELETE, PUT
1 < Access-Control-Allow-Origin: *
1 < Connection: keep-alive
1 < Content-Length: 102
1 < Content-Type: application/xml
1 < Date: Mon, 22 Aug 2022 19:41:45 GMT
1 < Server: Jetty(9.2.9.v20150224)
<?xml version="1.0" encoding="UTF-8" standalone="yes"?><apiResponse><type>unknown</type></apiResponse>

14:41:46.787 request:
1 > POST https://petstore.swagger.io/v2/pet
1 > Accept-Encoding: gzip,deflate
1 > Connection: Keep-Alive
1 > Content-Length: 1
1 > Content-Type: text/plain; charset=UTF-8
1 > Host: petstore.swagger.io
1 > User-Agent: Apache-HttpClient/4.5.12 (Java/1.8.0_202)
 

14:41:47.111 response time in milliseconds: 323,98
1 < 415
1 < Access-Control-Allow-Headers: Content-Type, api_key, Authorization
1 < Access-Control-Allow-Methods: GET, POST, DELETE, PUT
1 < Access-Control-Allow-Origin: *
1 < Connection: keep-alive
1 < Content-Length: 102
1 < Content-Type: application/xml
1 < Date: Mon, 22 Aug 2022 19:41:46 GMT
1 < Server: Jetty(9.2.9.v20150224)
<?xml version="1.0" encoding="UTF-8" standalone="yes"?><apiResponse><type>unknown</type></apiResponse>

14:41:47.152 request:
1 > GET https://petstore.swagger.io/v2/pet/1
1 > Accept-Encoding: gzip,deflate
1 > Connection: Keep-Alive
1 > Host: petstore.swagger.io
1 > User-Agent: Apache-HttpClient/4.5.12 (Java/1.8.0_202)

14:41:47.478 response time in milliseconds: 324,96
1 < 200
1 < Access-Control-Allow-Headers: Content-Type, api_key, Authorization
1 < Access-Control-Allow-Methods: GET, POST, DELETE, PUT
1 < Access-Control-Allow-Origin: *
1 < Connection: keep-alive
1 < Content-Type: application/json
1 < Date: Mon, 22 Aug 2022 19:41:46 GMT
1 < Server: Jetty(9.2.9.v20150224)
1 < Transfer-Encoding: chunked
{"id":1,"category":{"id":100,"name":"Danna"},"name":"dog","photoUrls":["dog.jpg"],"tags":[{"id":101,"name":"puppy"}],"status":"available"}

14:41:47.512 request:
1 > GET https://petstore.swagger.io/v2/pet/701
1 > Accept-Encoding: gzip,deflate
1 > Connection: Keep-Alive
1 > Host: petstore.swagger.io
1 > User-Agent: Apache-HttpClient/4.5.12 (Java/1.8.0_202)

14:41:47.822 response time in milliseconds: 310,59
1 < 404
1 < Access-Control-Allow-Headers: Content-Type, api_key, Authorization
1 < Access-Control-Allow-Methods: GET, POST, DELETE, PUT
1 < Access-Control-Allow-Origin: *
1 < Connection: keep-alive
1 < Content-Type: application/json
1 < Date: Mon, 22 Aug 2022 19:41:47 GMT
1 < Server: Jetty(9.2.9.v20150224)
1 < Transfer-Encoding: chunked
{"code":1,"type":"error","message":"Pet not found"}

14:41:47.837 request:
1 > GET https://petstore.swagger.io/v2/pet/187898
1 > Accept-Encoding: gzip,deflate
1 > Connection: Keep-Alive
1 > Host: petstore.swagger.io
1 > User-Agent: Apache-HttpClient/4.5.12 (Java/1.8.0_202)

14:41:48.149 response time in milliseconds: 310,93
1 < 404
1 < Access-Control-Allow-Headers: Content-Type, api_key, Authorization
1 < Access-Control-Allow-Methods: GET, POST, DELETE, PUT
1 < Access-Control-Allow-Origin: *
1 < Connection: keep-alive
1 < Content-Type: application/json
1 < Date: Mon, 22 Aug 2022 19:41:47 GMT
1 < Server: Jetty(9.2.9.v20150224)
1 < Transfer-Encoding: chunked
{"code":1,"type":"error","message":"Pet not found"}

14:41:48.161 request:
1 > GET https://petstore.swagger.io/v2/pet/gainsaid
1 > Accept-Encoding: gzip,deflate
1 > Connection: Keep-Alive
1 > Host: petstore.swagger.io
1 > User-Agent: Apache-HttpClient/4.5.12 (Java/1.8.0_202)

14:41:48.499 response time in milliseconds: 337,54
1 < 404
1 < Access-Control-Allow-Headers: Content-Type, api_key, Authorization
1 < Access-Control-Allow-Methods: GET, POST, DELETE, PUT
1 < Access-Control-Allow-Origin: *
1 < Connection: keep-alive
1 < Content-Type: application/json
1 < Date: Mon, 22 Aug 2022 19:41:47 GMT
1 < Server: Jetty(9.2.9.v20150224)
1 < Transfer-Encoding: chunked
{"code":404,"type":"unknown","message":"java.lang.NumberFormatException: For input string: \"gainsaid\""}

14:41:48.570 request:
1 > PUT https://petstore.swagger.io/v2/pet
1 > Accept-Encoding: gzip,deflate
1 > Connection: Keep-Alive
1 > Content-Length: 130
1 > Content-Type: application/json; charset=UTF-8
1 > Host: petstore.swagger.io
1 > User-Agent: Apache-HttpClient/4.5.12 (Java/1.8.0_202)
{"id":84,"category":{"id":3,"name":"Boxer"},"name":"tom","photoUrls":["doggy.jpj"],"tags":[{"id":6,"name":"dog"}],"status":"sold"}

14:41:48.889 response time in milliseconds: 318,18
1 < 200
1 < Access-Control-Allow-Headers: Content-Type, api_key, Authorization
1 < Access-Control-Allow-Methods: GET, POST, DELETE, PUT
1 < Access-Control-Allow-Origin: *
1 < Connection: keep-alive
1 < Content-Type: application/json
1 < Date: Mon, 22 Aug 2022 19:41:48 GMT
1 < Server: Jetty(9.2.9.v20150224)
1 < Transfer-Encoding: chunked
{"id":84,"category":{"id":3,"name":"Boxer"},"name":"tom","photoUrls":["doggy.jpj"],"tags":[{"id":6,"name":"dog"}],"status":"sold"}

14:41:48.904 request:
1 > PUT https://petstore.swagger.io/v2/pet
1 > Accept-Encoding: gzip,deflate
1 > Connection: Keep-Alive
1 > Content-Length: 3
1 > Content-Type: text/plain; charset=UTF-8
1 > Host: petstore.swagger.io
1 > User-Agent: Apache-HttpClient/4.5.12 (Java/1.8.0_202)
tom

14:41:49.223 response time in milliseconds: 318,16
1 < 415
1 < Access-Control-Allow-Headers: Content-Type, api_key, Authorization
1 < Access-Control-Allow-Methods: GET, POST, DELETE, PUT
1 < Access-Control-Allow-Origin: *
1 < Connection: keep-alive
1 < Content-Length: 102
1 < Content-Type: application/xml
1 < Date: Mon, 22 Aug 2022 19:41:48 GMT
1 < Server: Jetty(9.2.9.v20150224)
<?xml version="1.0" encoding="UTF-8" standalone="yes"?><apiResponse><type>unknown</type></apiResponse>

14:41:49.237 request:
1 > PUT https://petstore.swagger.io/v2/pet
1 > Accept-Encoding: gzip,deflate
1 > Connection: Keep-Alive
1 > Content-Length: 2
1 > Content-Type: text/plain; charset=UTF-8
1 > Host: petstore.swagger.io
1 > User-Agent: Apache-HttpClient/4.5.12 (Java/1.8.0_202)
*/

14:41:49.555 response time in milliseconds: 316,74
1 < 415
1 < Access-Control-Allow-Headers: Content-Type, api_key, Authorization
1 < Access-Control-Allow-Methods: GET, POST, DELETE, PUT
1 < Access-Control-Allow-Origin: *
1 < Connection: keep-alive
1 < Content-Length: 102
1 < Content-Type: application/xml
1 < Date: Mon, 22 Aug 2022 19:41:48 GMT
1 < Server: Jetty(9.2.9.v20150224)
<?xml version="1.0" encoding="UTF-8" standalone="yes"?><apiResponse><type>unknown</type></apiResponse>

14:41:49.567 request:
1 > PUT https://petstore.swagger.io/v2/pet
1 > Accept-Encoding: gzip,deflate
1 > Connection: Keep-Alive
1 > Content-Length: 1
1 > Content-Type: text/plain; charset=UTF-8
1 > Host: petstore.swagger.io
1 > User-Agent: Apache-HttpClient/4.5.12 (Java/1.8.0_202)
 

14:41:49.881 response time in milliseconds: 314,47
1 < 415
1 < Access-Control-Allow-Headers: Content-Type, api_key, Authorization
1 < Access-Control-Allow-Methods: GET, POST, DELETE, PUT
1 < Access-Control-Allow-Origin: *
1 < Connection: keep-alive
1 < Content-Length: 102
1 < Content-Type: application/xml
1 < Date: Mon, 22 Aug 2022 19:41:49 GMT
1 < Server: Jetty(9.2.9.v20150224)
<?xml version="1.0" encoding="UTF-8" standalone="yes"?><apiResponse><type>unknown</type></apiResponse>

14:41:49.907 request:
1 > DELETE https://petstore.swagger.io/v2/pet/1
1 > Accept-Encoding: gzip,deflate
1 > Connection: Keep-Alive
1 > Host: petstore.swagger.io
1 > User-Agent: Apache-HttpClient/4.5.12 (Java/1.8.0_202)

14:41:50.226 response time in milliseconds: 318,53
1 < 200
1 < Access-Control-Allow-Headers: Content-Type, api_key, Authorization
1 < Access-Control-Allow-Methods: GET, POST, DELETE, PUT
1 < Access-Control-Allow-Origin: *
1 < Connection: keep-alive
1 < Content-Type: application/json
1 < Date: Mon, 22 Aug 2022 19:41:49 GMT
1 < Server: Jetty(9.2.9.v20150224)
1 < Transfer-Encoding: chunked
{"code":200,"type":"unknown","message":"1"}

14:41:50.236 request:
1 > DELETE https://petstore.swagger.io/v2/pet/701
1 > Accept-Encoding: gzip,deflate
1 > Connection: Keep-Alive
1 > Host: petstore.swagger.io
1 > User-Agent: Apache-HttpClient/4.5.12 (Java/1.8.0_202)

14:41:50.564 response time in milliseconds: 327,05
1 < 404
1 < Access-Control-Allow-Headers: Content-Type, api_key, Authorization
1 < Access-Control-Allow-Methods: GET, POST, DELETE, PUT
1 < Access-Control-Allow-Origin: *
1 < Connection: keep-alive
1 < Content-Length: 0
1 < Date: Mon, 22 Aug 2022 19:41:49 GMT
1 < Server: Jetty(9.2.9.v20150224)

14:41:50.576 request:
1 > DELETE https://petstore.swagger.io/v2/pet/gain
1 > Accept-Encoding: gzip,deflate
1 > Connection: Keep-Alive
1 > Host: petstore.swagger.io
1 > User-Agent: Apache-HttpClient/4.5.12 (Java/1.8.0_202)

14:41:50.888 response time in milliseconds: 312,50
1 < 404
1 < Access-Control-Allow-Headers: Content-Type, api_key, Authorization
1 < Access-Control-Allow-Methods: GET, POST, DELETE, PUT
1 < Access-Control-Allow-Origin: *
1 < Connection: keep-alive
1 < Content-Type: application/json
1 < Date: Mon, 22 Aug 2022 19:41:50 GMT
1 < Server: Jetty(9.2.9.v20150224)
1 < Transfer-Encoding: chunked
{"code":404,"type":"unknown","message":"java.lang.NumberFormatException: For input string: \"gain\""}

14:41:50.898 request:
1 > DELETE https://petstore.swagger.io/v2/pet/
1 > Accept-Encoding: gzip,deflate
1 > Connection: Keep-Alive
1 > Host: petstore.swagger.io
1 > User-Agent: Apache-HttpClient/4.5.12 (Java/1.8.0_202)

14:41:51.211 response time in milliseconds: 313,06
1 < 405
1 < Access-Control-Allow-Headers: Content-Type, api_key, Authorization
1 < Access-Control-Allow-Methods: GET, POST, DELETE, PUT
1 < Access-Control-Allow-Origin: *
1 < Connection: keep-alive
1 < Content-Length: 102
1 < Content-Type: application/xml
1 < Date: Mon, 22 Aug 2022 19:41:50 GMT
1 < Server: Jetty(9.2.9.v20150224)
<?xml version="1.0" encoding="UTF-8" standalone="yes"?><apiResponse><type>unknown</type></apiResponse>

